<?xml version="1.0" encoding="UTF-8"?>
<!-- Generated by org.testng.reporters.JUnitReportReporter -->
<testsuite hostname="Sourabh" failures="0" tests="1" name="org.Automation.TestNG.GroupsExecution.AmirKhan" time="11.263" errors="0" timestamp="2026-01-09T11:27:30 IST" skipped="0">
  <testcase classname="org.Automation.TestNG.GroupsExecution.AmirKhan" name="LaunchAmir" time="11.263">
    <system-out>
      <![CDATA[Amirkhan wiki launch]]>
    </system-out>
  </testcase> <!-- LaunchAmir -->
  <system-out>
    <![CDATA[Amirkhan wiki launch
Salman wiki launch
Allu Arjun wiki launch
SRK wiki launch
Yash wiki launch]]>
  </system-out>
</testsuite> <!-- org.Automation.TestNG.GroupsExecution.AmirKhan -->
