<?xml version="1.0" encoding="UTF-8"?>
<!-- Generated by org.testng.reporters.JUnitReportReporter -->
<testsuite hostname="Sourabh" failures="0" tests="3" name="org.Automation.TestNG.UnderstandPriority" time="36.657" errors="0" timestamp="2026-01-06T11:12:54 IST" skipped="0">
  <testcase classname="org.Automation.TestNG.UnderstandPriority" name="LaunchingZomato" time="12.481">
    <system-out>
      <![CDATA[Zomato]]>
    </system-out>
  </testcase> <!-- LaunchingZomato -->
  <testcase classname="org.Automation.TestNG.UnderstandPriority" name="LaunchingZepto" time="16.708">
    <system-out>
      <![CDATA[Zepto]]>
    </system-out>
  </testcase> <!-- LaunchingZepto -->
  <testcase classname="org.Automation.TestNG.UnderstandPriority" name="LaunchingSwiggy" time="7.468">
    <system-out>
      <![CDATA[Swiggy]]>
    </system-out>
  </testcase> <!-- LaunchingSwiggy -->
  <system-out>
    <![CDATA[Zomato
Zepto
Swiggy]]>
  </system-out>
</testsuite> <!-- org.Automation.TestNG.UnderstandPriority -->
