<?xml version="1.0" encoding="UTF-8"?>
<!-- Generated by org.testng.reporters.JUnitReportReporter -->
<testsuite hostname="Sourabh" failures="0" tests="7" name="org.Automation.TestNG.RegisterAndLoginDWSUsingTestAnotationPriority" time="83.108" errors="0" timestamp="2026-01-06T11:55:14 IST" skipped="0">
  <testcase classname="org.Automation.TestNG.RegisterAndLoginDWSUsingTestAnotationPriority" name="register" time="7.438"/>
  <testcase classname="org.Automation.TestNG.RegisterAndLoginDWSUsingTestAnotationPriority" name="Login" time="12.530"/>
  <testcase classname="org.Automation.TestNG.RegisterAndLoginDWSUsingTestAnotationPriority" name="Login" time="11.061"/>
  <testcase classname="org.Automation.TestNG.RegisterAndLoginDWSUsingTestAnotationPriority" name="Login" time="11.916"/>
  <testcase classname="org.Automation.TestNG.RegisterAndLoginDWSUsingTestAnotationPriority" name="Login" time="11.413"/>
  <testcase classname="org.Automation.TestNG.RegisterAndLoginDWSUsingTestAnotationPriority" name="Login" time="13.221"/>
  <testcase classname="org.Automation.TestNG.RegisterAndLoginDWSUsingTestAnotationPriority" name="Login" time="15.529"/>
</testsuite> <!-- org.Automation.TestNG.RegisterAndLoginDWSUsingTestAnotationPriority -->
