<?xml version="1.0" encoding="UTF-8"?>
<!-- Generated by org.testng.reporters.JUnitReportReporter -->
<testsuite hostname="Sourabh" failures="0" tests="3" name="org.Automation.TestNG.Demo" time="0.040" errors="0" timestamp="2026-02-03T09:51:37 IST" skipped="0">
  <testcase classname="org.Automation.TestNG.Demo" name="test" time="0.007">
    <system-out>
      <![CDATA[test1 case executed]]>
    </system-out>
  </testcase> <!-- test -->
  <testcase classname="org.Automation.TestNG.Demo" name="m1" time="0.024">
    <system-out>
      <![CDATA[m1 case executed]]>
    </system-out>
  </testcase> <!-- m1 -->
  <testcase classname="org.Automation.TestNG.Demo" name="method1" time="0.009">
    <system-out>
      <![CDATA[method1 case executed]]>
    </system-out>
  </testcase> <!-- method1 -->
  <system-out>
    <![CDATA[m1 case executed
method1 case executed
test1 case executed]]>
  </system-out>
</testsuite> <!-- org.Automation.TestNG.Demo -->
