<?xml version="1.0" encoding="UTF-8"?>
<!-- Generated by org.testng.reporters.JUnitReportReporter -->
<testsuite hostname="Sourabh" failures="0" tests="1" name="ModularFramework_POM.RemoveProductFromCart_TC001_Test" time="27.379" errors="0" timestamp="2026-01-22T10:36:44 IST" skipped="0">
  <testcase classname="ModularFramework_POM.RemoveProductFromCart_TC001_Test" name="removeproduct" time="27.379">
    <system-out>
      <![CDATA[Product is removed from cart!]]>
    </system-out>
  </testcase> <!-- removeproduct -->
  <system-out>
    <![CDATA[Product is removed from cart!]]>
  </system-out>
</testsuite> <!-- ModularFramework_POM.RemoveProductFromCart_TC001_Test -->
