<?xml version="1.0" encoding="UTF-8"?>
<!-- Generated by org.testng.reporters.JUnitReportReporter -->
<testsuite hostname="Sourabh" failures="0" tests="1" name="org.Automation.TestNG.GroupsExecution.Alluarjun" time="4.441" errors="0" timestamp="2026-01-09T11:30:01 IST" skipped="0">
  <testcase classname="org.Automation.TestNG.GroupsExecution.Alluarjun" name="LaunchAllu" time="4.441">
    <system-out>
      <![CDATA[Allu Arjun wiki launch]]>
    </system-out>
  </testcase> <!-- LaunchAllu -->
  <system-out>
    <![CDATA[Sudeep wiki launch
Puneeth wiki launch
Allu Arjun wiki launch
Yash wiki launch]]>
  </system-out>
</testsuite> <!-- org.Automation.TestNG.GroupsExecution.Alluarjun -->
