<?xml version="1.0" encoding="UTF-8"?>
<!-- Generated by org.testng.reporters.JUnitReportReporter -->
<testsuite hostname="Sourabh" failures="0" tests="3" name="org.Automation.TestNG.DataProvider.dataProvider" time="43.721" errors="0" timestamp="2026-02-04T08:27:11 IST" skipped="0">
  <testcase classname="org.Automation.TestNG.DataProvider.dataProvider" name="login" time="21.972"/>
  <testcase classname="org.Automation.TestNG.DataProvider.dataProvider" name="login" time="10.343"/>
  <testcase classname="org.Automation.TestNG.DataProvider.dataProvider" name="login" time="11.406"/>
</testsuite> <!-- org.Automation.TestNG.DataProvider.dataProvider -->
