<?xml version="1.0" encoding="UTF-8"?>
<!-- Generated by org.testng.reporters.JUnitReportReporter -->
<testsuite hostname="Sourabh" failures="0" tests="3" name="org.Automation.TestNG.DataProvider.ToReadMulltipleDatasFromExcel" time="20.783" errors="0" timestamp="2026-02-04T08:38:32 IST" skipped="0">
  <testcase classname="org.Automation.TestNG.DataProvider.ToReadMulltipleDatasFromExcel" name="invalidLogin" time="6.511"/>
  <testcase classname="org.Automation.TestNG.DataProvider.ToReadMulltipleDatasFromExcel" name="invalidLogin" time="6.658"/>
  <testcase classname="org.Automation.TestNG.DataProvider.ToReadMulltipleDatasFromExcel" name="invalidLogin" time="7.614"/>
</testsuite> <!-- org.Automation.TestNG.DataProvider.ToReadMulltipleDatasFromExcel -->
