<?xml version="1.0" encoding="UTF-8"?>
<!-- Generated by org.testng.reporters.JUnitReportReporter -->
<testsuite hostname="Sourabh" failures="0" tests="3" name="org.Automation.TestNG.UsingDependsOnMethod" time="13.754" errors="0" timestamp="2026-01-07T11:29:36 IST" skipped="0">
  <testcase classname="org.Automation.TestNG.UsingDependsOnMethod" name="LaunchingZomato" time="4.359">
    <system-out>
      <![CDATA[Zomato]]>
    </system-out>
  </testcase> <!-- LaunchingZomato -->
  <testcase classname="org.Automation.TestNG.UsingDependsOnMethod" name="LaunchingSwiggy" time="4.670">
    <system-out>
      <![CDATA[Swiggy]]>
    </system-out>
  </testcase> <!-- LaunchingSwiggy -->
  <testcase classname="org.Automation.TestNG.UsingDependsOnMethod" name="LaunchingZepto" time="4.725">
    <system-out>
      <![CDATA[Zepto]]>
    </system-out>
  </testcase> <!-- LaunchingZepto -->
  <system-out>
    <![CDATA[Zomato
Zepto
Swiggy]]>
  </system-out>
</testsuite> <!-- org.Automation.TestNG.UsingDependsOnMethod -->
