<?xml version="1.0" encoding="UTF-8"?>
<!-- Generated by org.testng.reporters.JUnitReportReporter -->
<testsuite hostname="Sourabh" failures="0" tests="2" name="org.Automation.TestNG.BatchExecution.Jawa" time="28.915" errors="0" timestamp="2026-01-08T11:35:32 IST" skipped="0">
  <testcase classname="org.Automation.TestNG.BatchExecution.Jawa" name="Launching42Bobber" time="17.835"/>
  <testcase classname="org.Automation.TestNG.BatchExecution.Jawa" name="LaunchingJawaPerak" time="11.080"/>
</testsuite> <!-- org.Automation.TestNG.BatchExecution.Jawa -->
