<?xml version="1.0" encoding="UTF-8"?>
<!-- Generated by org.testng.reporters.JUnitReportReporter -->
<testsuite hostname="Sourabh" failures="0" tests="1" name="org.Automation.TestNG.GroupsExecution.salman" time="2.961" errors="0" timestamp="2026-01-09T11:27:30 IST" skipped="0">
  <testcase classname="org.Automation.TestNG.GroupsExecution.salman" name="LaunchSalman" time="2.961">
    <system-out>
      <![CDATA[Salman wiki launch]]>
    </system-out>
  </testcase> <!-- LaunchSalman -->
  <system-out>
    <![CDATA[Amirkhan wiki launch
Salman wiki launch
Allu Arjun wiki launch
SRK wiki launch
Yash wiki launch]]>
  </system-out>
</testsuite> <!-- org.Automation.TestNG.GroupsExecution.salman -->
