<?xml version="1.0" encoding="UTF-8"?>
<!-- Generated by org.testng.reporters.JUnitReportReporter -->
<testsuite hostname="Sourabh" failures="0" tests="3" name="org.Automation.TestNG.ConfigurationAnnotations.ConfigurationAnnotations" time="0.121" errors="0" timestamp="2026-01-16T23:19:45 IST" skipped="0">
  <testcase classname="org.Automation.TestNG.ConfigurationAnnotations.ConfigurationAnnotations" name="testcase3" time="0.007">
    <system-out>
      <![CDATA[This is @test Method 3]]>
    </system-out>
  </testcase> <!-- testcase3 -->
  <testcase classname="org.Automation.TestNG.ConfigurationAnnotations.ConfigurationAnnotations" name="testcase1" time="0.103">
    <system-out>
      <![CDATA[This is @test Method 1]]>
    </system-out>
  </testcase> <!-- testcase1 -->
  <testcase classname="org.Automation.TestNG.ConfigurationAnnotations.ConfigurationAnnotations" name="testcase2" time="0.011">
    <system-out>
      <![CDATA[This is @test Method 2]]>
    </system-out>
  </testcase> <!-- testcase2 -->
  <system-out>
    <![CDATA[This is @Beforesuite Method
This is @BeforeTest Method
This is @BEforeClass Method
This is @BeforeMethod Method
This is @test Method 1
This is @AfterMethod Method
This is @BeforeMethod Method
This is @test Method 2
This is @AfterMethod Method
This is @BeforeMethod Method
This is @test Method 3
This is @AfterMethod Method
This is @afterClass Method
This is @afterTest Method
This is @aftersuite Method]]>
  </system-out>
</testsuite> <!-- org.Automation.TestNG.ConfigurationAnnotations.ConfigurationAnnotations -->
