<?xml version="1.0" encoding="UTF-8"?>
<!-- Generated by org.testng.reporters.JUnitReportReporter -->
<testsuite hostname="Sourabh" failures="0" tests="1" name="org.Automation.TestNG.GroupsExecution.shahrukh" time="7.247" errors="0" timestamp="2026-01-09T11:27:30 IST" skipped="0">
  <testcase classname="org.Automation.TestNG.GroupsExecution.shahrukh" name="LaunchSRK" time="7.247">
    <system-out>
      <![CDATA[SRK wiki launch]]>
    </system-out>
  </testcase> <!-- LaunchSRK -->
  <system-out>
    <![CDATA[Amirkhan wiki launch
Salman wiki launch
Allu Arjun wiki launch
SRK wiki launch
Yash wiki launch]]>
  </system-out>
</testsuite> <!-- org.Automation.TestNG.GroupsExecution.shahrukh -->
