<?xml version="1.0" encoding="UTF-8"?>
<!-- Generated by org.testng.reporters.JUnitReportReporter -->
<testsuite hostname="Sourabh" failures="0" tests="1" name="org.Automation.TestNG.GroupsExecution.sudeep" time="4.727" errors="0" timestamp="2026-01-09T11:30:01 IST" skipped="0">
  <testcase classname="org.Automation.TestNG.GroupsExecution.sudeep" name="LaunchSudeep" time="4.727">
    <system-out>
      <![CDATA[Sudeep wiki launch]]>
    </system-out>
  </testcase> <!-- LaunchSudeep -->
  <system-out>
    <![CDATA[Sudeep wiki launch
Puneeth wiki launch
Allu Arjun wiki launch
Yash wiki launch]]>
  </system-out>
</testsuite> <!-- org.Automation.TestNG.GroupsExecution.sudeep -->
