<?xml version="1.0" encoding="UTF-8"?>
<!-- Generated by org.testng.reporters.JUnitXMLReporter -->
<testsuite ignored="0" hostname="Sourabh" failures="0" tests="3" name="Default test" time="22.804" errors="0" timestamp="2026-02-04T08:38:32 IST">
  <testcase classname="org.Automation.TestNG.DataProvider.ToReadMulltipleDatasFromExcel" name="invalidLogin" time="7.614"/>
  <testcase classname="org.Automation.TestNG.DataProvider.ToReadMulltipleDatasFromExcel" name="invalidLogin" time="6.511"/>
  <testcase classname="org.Automation.TestNG.DataProvider.ToReadMulltipleDatasFromExcel" name="invalidLogin" time="6.658"/>
</testsuite> <!-- Default test -->
